<?xml version="1.0" encoding="UTF-8"?>
<robot generator="Robot 5.0 (Python 3.10.4 on win32)" generated="20220506 15:34:29.989" rpa="false" schemaversion="3">
<suite id="s1" name="Demo8 Suite" source="C:\Users\ACER\Desktop\LT6\robot_project\selenium_suite\demo8_suite.robot">
<test id="s1-t1" name="TC1" line="5">
<kw name="Append To Environment Variable" library="OperatingSystem">
<arg>path</arg>
<arg>C:\\Users\\ACER\\Desktop\\LT6\\driver</arg>
<doc>Appends given ``values`` to environment variable ``name``.</doc>
<msg timestamp="20220506 15:34:30.179" level="INFO">Environment variable 'path' set to value 'C:\Program Files\Common Files\Oracle\Java\javapath;C:\Windows\system32;C:\Windows;C:\Windows\System32\Wbem;C:\Windows\System32\WindowsPowerShell\v1.0\;C:\Windows\System32\OpenSSH\;C:\Program Files\NVIDIA Corporation\NVIDIA NvDLISR;C:\Program Files\nodejs\;C:\Program Files\Java\jdk-17\bin;C:\WINDOWS\system32;C:\WINDOWS;C:\WINDOWS\System32\Wbem;C:\WINDOWS\System32\WindowsPowerShell\v1.0\;C:\WINDOWS\System32\OpenSSH\;C:\MinGW\mingw32\bin;C:\Users\ACER\AppData\Local\Programs\Microsoft VS Code\MinGW\bin;C:\Program Files\Git\cmd;C:\Users\ACER\AppData\Local\Programs\Microsoft VS Code\mingw64\bin;C:\MinGW\bin;C:\Users\ACER\AppData\Local\Programs\Microsoft VS Code\mingw64\x86_64-w64-mingw32\bin;C:\msys64\mingw64\x86_64-w64-mingw32\bin;C:\MinGW\mingw32\bin;C:\Program Files\MySQL\MySQL Server 8.0\bin;C:\Program Files (x86)\GnuWin32\bin;D:\New folder\GnuWin32\bin;C:\Program Files\Python310\Scripts;C:\python\Scripts\;C:\python\;C:\Program Files\MySQL\MySQL Shell 8.0\bin\;C:\Program Files\Java\jdk-17\bin;C:\Users\ACER\AppData\Local\Programs\Microsoft VS Code\bin;C:\Users\ACER\AppData\Local\Microsoft\WindowsApps;C:\Users\kavit\AppData\Local\Programs\Python\Python310\Scripts;C:\Program Files\Cppcheck;;C:\Program Files\JetBrains\PyCharm Community Edition 2022.1\bin;;C:\Users\ACER\Desktop\LT6\driver'.</msg>
<status status="PASS" starttime="20220506 15:34:30.179" endtime="20220506 15:34:30.179"/>
</kw>
<kw name="Open Browser" library="SeleniumLibrary">
<arg>browser=chrome</arg>
<doc>Opens a new browser instance to the optional ``url``.</doc>
<msg timestamp="20220506 15:34:30.180" level="INFO">Opening browser 'chrome' to base url 'None'.</msg>
<status status="PASS" starttime="20220506 15:34:30.180" endtime="20220506 15:34:31.257"/>
</kw>
<kw name="Maximize Browser Window" library="SeleniumLibrary">
<doc>Maximizes current browser window.</doc>
<status status="PASS" starttime="20220506 15:34:31.257" endtime="20220506 15:34:31.384"/>
</kw>
<kw name="Set Selenium Implicit Wait" library="SeleniumLibrary">
<arg>30s</arg>
<doc>Sets the implicit wait value used by Selenium.</doc>
<status status="PASS" starttime="20220506 15:34:31.385" endtime="20220506 15:34:31.387"/>
</kw>
<kw name="Go To" library="SeleniumLibrary">
<arg>url=https://netbanking.hdfcbank.com/netbanking/IpinResetUsingOTP.htm</arg>
<doc>Navigates the current browser window to the provided ``url``.</doc>
<msg timestamp="20220506 15:34:31.388" level="INFO">Opening url 'https://netbanking.hdfcbank.com/netbanking/IpinResetUsingOTP.htm'</msg>
<status status="PASS" starttime="20220506 15:34:31.388" endtime="20220506 15:34:32.151"/>
</kw>
<kw name="Click Element" library="SeleniumLibrary">
<arg>xpath=//img[@alt='Go']</arg>
<doc>Click the element identified by ``locator``.</doc>
<msg timestamp="20220506 15:34:32.151" level="INFO">Clicking element 'xpath=//img[@alt='Go']'.</msg>
<status status="PASS" starttime="20220506 15:34:32.151" endtime="20220506 15:34:32.211"/>
</kw>
<kw name="Handle Alert" library="SeleniumLibrary">
<var>${alert_text}</var>
<arg>action=ACCEPT</arg>
<doc>Handles the current alert and returns its message.</doc>
<msg timestamp="20220506 15:34:32.212" level="INFO">HANDLE::&lt;class 'NoneType'&gt;::None</msg>
<msg timestamp="20220506 15:34:32.219" level="INFO">${alert_text} = Customer ID  cannot be left blank.</msg>
<status status="PASS" starttime="20220506 15:34:32.212" endtime="20220506 15:34:32.219"/>
</kw>
<kw name="Log To Console" library="BuiltIn">
<arg>${alert_text}</arg>
<doc>Logs the given message to the console.</doc>
<status status="PASS" starttime="20220506 15:34:32.220" endtime="20220506 15:34:32.221"/>
</kw>
<kw name="Log" library="BuiltIn">
<arg>${alert_text}</arg>
<doc>Logs the given message with the given level.</doc>
<msg timestamp="20220506 15:34:32.222" level="INFO">Customer ID  cannot be left blank.</msg>
<status status="PASS" starttime="20220506 15:34:32.222" endtime="20220506 15:34:32.223"/>
</kw>
<status status="PASS" starttime="20220506 15:34:30.178" endtime="20220506 15:34:32.223"/>
</test>
<status status="PASS" starttime="20220506 15:34:29.990" endtime="20220506 15:34:32.225"/>
</suite>
<statistics>
<total>
<stat pass="1" fail="0" skip="0">All Tests</stat>
</total>
<tag>
</tag>
<suite>
<stat pass="1" fail="0" skip="0" id="s1" name="Demo8 Suite">Demo8 Suite</stat>
</suite>
</statistics>
<errors>
</errors>
</robot>
