<?xml version="1.0" encoding="UTF-8"?>
<robot generator="Robot 5.0 (Python 3.10.4 on win32)" generated="20220507 14:51:56.323" rpa="false" schemaversion="3">
<suite id="s1" name="Demo3" source="C:\Users\ACER\Desktop\LT6\robot_project\robot_suite\demo3.robot">
<test id="s1-t1" name="TC1" line="12">
<kw name="Log To Console" library="BuiltIn">
<arg>${MY_NAME}</arg>
<doc>Logs the given message to the console.</doc>
<status status="PASS" starttime="20220507 14:51:56.533" endtime="20220507 14:51:56.534"/>
</kw>
<status status="PASS" starttime="20220507 14:51:56.531" endtime="20220507 14:51:56.534"/>
</test>
<test id="s1-t2" name="TC2" line="15">
<kw name="Log To Console" library="BuiltIn">
<arg>${MY_NAME}</arg>
<doc>Logs the given message to the console.</doc>
<status status="PASS" starttime="20220507 14:51:56.536" endtime="20220507 14:51:56.536"/>
</kw>
<kw name="Log To Console" library="BuiltIn">
<arg>${ROLE}</arg>
<doc>Logs the given message to the console.</doc>
<status status="PASS" starttime="20220507 14:51:56.537" endtime="20220507 14:51:56.537"/>
</kw>
<kw name="Log To Console" library="BuiltIn">
<arg>${COLORS}</arg>
<doc>Logs the given message to the console.</doc>
<status status="PASS" starttime="20220507 14:51:56.538" endtime="20220507 14:51:56.538"/>
</kw>
<kw name="Log To Console" library="BuiltIn">
<arg>${COLORS}[0]</arg>
<doc>Logs the given message to the console.</doc>
<status status="PASS" starttime="20220507 14:51:56.538" endtime="20220507 14:51:56.539"/>
</kw>
<status status="PASS" starttime="20220507 14:51:56.535" endtime="20220507 14:51:56.540"/>
</test>
<test id="s1-t3" name="TC3" line="21">
<kw name="Create List" library="BuiltIn">
<var>@{fruits}</var>
<arg>apple</arg>
<arg>grapes</arg>
<arg>orange</arg>
<doc>Returns a list containing given items.</doc>
<msg timestamp="20220507 14:51:56.541" level="INFO">@{fruits} = [ apple | grapes | orange ]</msg>
<status status="PASS" starttime="20220507 14:51:56.541" endtime="20220507 14:51:56.541"/>
</kw>
<kw name="Log To Console" library="BuiltIn">
<arg>${fruits}[1]</arg>
<doc>Logs the given message to the console.</doc>
<status status="PASS" starttime="20220507 14:51:56.541" endtime="20220507 14:51:56.542"/>
</kw>
<kw name="Append To List" library="Collections">
<arg>${fruits}</arg>
<arg>pineapple</arg>
<doc>Adds ``values`` to the end of ``list``.</doc>
<status status="PASS" starttime="20220507 14:51:56.543" endtime="20220507 14:51:56.543"/>
</kw>
<kw name="Log To Console" library="BuiltIn">
<arg>${fruits}</arg>
<doc>Logs the given message to the console.</doc>
<status status="PASS" starttime="20220507 14:51:56.544" endtime="20220507 14:51:56.544"/>
</kw>
<kw name="Remove From List" library="Collections">
<arg>${fruits}</arg>
<arg>0</arg>
<doc>Removes and returns the value specified with an ``index`` from ``list``.</doc>
<status status="PASS" starttime="20220507 14:51:56.545" endtime="20220507 14:51:56.545"/>
</kw>
<kw name="Log To Console" library="BuiltIn">
<arg>${fruits}</arg>
<doc>Logs the given message to the console.</doc>
<status status="PASS" starttime="20220507 14:51:56.546" endtime="20220507 14:51:56.546"/>
</kw>
<kw name="Insert Into List" library="Collections">
<arg>${fruits}</arg>
<arg>0</arg>
<arg>mango</arg>
<doc>Inserts ``value`` into ``list`` to the position specified with ``index``.</doc>
<status status="PASS" starttime="20220507 14:51:56.547" endtime="20220507 14:51:56.548"/>
</kw>
<kw name="Log To Console" library="BuiltIn">
<arg>${fruits}</arg>
<doc>Logs the given message to the console.</doc>
<status status="PASS" starttime="20220507 14:51:56.548" endtime="20220507 14:51:56.549"/>
</kw>
<status status="PASS" starttime="20220507 14:51:56.540" endtime="20220507 14:51:56.549"/>
</test>
<test id="s1-t4" name="TC5" line="33">
<kw name="Create List" library="BuiltIn">
<var>@{fruits}</var>
<arg>apple</arg>
<arg>grapes</arg>
<arg>orange</arg>
<doc>Returns a list containing given items.</doc>
<msg timestamp="20220507 14:51:56.551" level="INFO">@{fruits} = [ apple | grapes | orange ]</msg>
<status status="PASS" starttime="20220507 14:51:56.551" endtime="20220507 14:51:56.551"/>
</kw>
<for flavor="IN RANGE">
<var>${i}</var>
<value>0</value>
<value>3</value>
<value>1</value>
<iter>
<var name="${i}">0</var>
<kw name="Log" library="BuiltIn">
<arg>${fruits}[${i}]</arg>
<doc>Logs the given message with the given level.</doc>
<msg timestamp="20220507 14:51:56.552" level="INFO">apple</msg>
<status status="PASS" starttime="20220507 14:51:56.552" endtime="20220507 14:51:56.552"/>
</kw>
<status status="PASS" starttime="20220507 14:51:56.552" endtime="20220507 14:51:56.552"/>
</iter>
<iter>
<var name="${i}">1</var>
<kw name="Log" library="BuiltIn">
<arg>${fruits}[${i}]</arg>
<doc>Logs the given message with the given level.</doc>
<msg timestamp="20220507 14:51:56.552" level="INFO">grapes</msg>
<status status="PASS" starttime="20220507 14:51:56.552" endtime="20220507 14:51:56.552"/>
</kw>
<status status="PASS" starttime="20220507 14:51:56.552" endtime="20220507 14:51:56.552"/>
</iter>
<iter>
<var name="${i}">2</var>
<kw name="Log" library="BuiltIn">
<arg>${fruits}[${i}]</arg>
<doc>Logs the given message with the given level.</doc>
<msg timestamp="20220507 14:51:56.553" level="INFO">orange</msg>
<status status="PASS" starttime="20220507 14:51:56.553" endtime="20220507 14:51:56.553"/>
</kw>
<status status="PASS" starttime="20220507 14:51:56.552" endtime="20220507 14:51:56.553"/>
</iter>
<status status="PASS" starttime="20220507 14:51:56.551" endtime="20220507 14:51:56.553"/>
</for>
<status status="PASS" starttime="20220507 14:51:56.550" endtime="20220507 14:51:56.553"/>
</test>
<test id="s1-t5" name="TC6" line="39">
<kw name="Create List" library="BuiltIn">
<var>@{fruits}</var>
<arg>apple</arg>
<arg>grapes</arg>
<arg>orange</arg>
<doc>Returns a list containing given items.</doc>
<msg timestamp="20220507 14:51:56.555" level="INFO">@{fruits} = [ apple | grapes | orange ]</msg>
<status status="PASS" starttime="20220507 14:51:56.555" endtime="20220507 14:51:56.555"/>
</kw>
<for flavor="IN">
<var>${fruit}</var>
<value>@{fruits}</value>
<iter>
<var name="${fruit}">apple</var>
<kw name="Log" library="BuiltIn">
<arg>${fruit}</arg>
<doc>Logs the given message with the given level.</doc>
<msg timestamp="20220507 14:51:56.556" level="INFO">apple</msg>
<status status="PASS" starttime="20220507 14:51:56.555" endtime="20220507 14:51:56.556"/>
</kw>
<status status="PASS" starttime="20220507 14:51:56.555" endtime="20220507 14:51:56.556"/>
</iter>
<iter>
<var name="${fruit}">grapes</var>
<kw name="Log" library="BuiltIn">
<arg>${fruit}</arg>
<doc>Logs the given message with the given level.</doc>
<msg timestamp="20220507 14:51:56.556" level="INFO">grapes</msg>
<status status="PASS" starttime="20220507 14:51:56.556" endtime="20220507 14:51:56.556"/>
</kw>
<status status="PASS" starttime="20220507 14:51:56.556" endtime="20220507 14:51:56.556"/>
</iter>
<iter>
<var name="${fruit}">orange</var>
<kw name="Log" library="BuiltIn">
<arg>${fruit}</arg>
<doc>Logs the given message with the given level.</doc>
<msg timestamp="20220507 14:51:56.556" level="INFO">orange</msg>
<status status="PASS" starttime="20220507 14:51:56.556" endtime="20220507 14:51:56.556"/>
</kw>
<status status="PASS" starttime="20220507 14:51:56.556" endtime="20220507 14:51:56.556"/>
</iter>
<status status="PASS" starttime="20220507 14:51:56.555" endtime="20220507 14:51:56.556"/>
</for>
<status status="PASS" starttime="20220507 14:51:56.554" endtime="20220507 14:51:56.556"/>
</test>
<status status="PASS" starttime="20220507 14:51:56.325" endtime="20220507 14:51:56.558"/>
</suite>
<statistics>
<total>
<stat pass="5" fail="0" skip="0">All Tests</stat>
</total>
<tag>
</tag>
<suite>
<stat pass="5" fail="0" skip="0" id="s1" name="Demo3">Demo3</stat>
</suite>
</statistics>
<errors>
</errors>
</robot>
