<?xml version="1.0" encoding="UTF-8"?>
<robot generator="Robot 5.0 (Python 3.10.4 on win32)" generated="20220504 17:12:18.771" rpa="false" schemaversion="3">
<suite id="s1" name="Demo2 Suite" source="C:\Users\ACER\Desktop\LT6\robot_project\robot_suite\demo2_suite.robot">
<test id="s1-t1" name="TC1" line="4">
<kw name="Create File" library="OperatingSystem">
<arg>path=D:\\hello.txt</arg>
<doc>Creates a file with the given content and encoding.</doc>
<msg timestamp="20220504 17:12:18.842" level="INFO" html="true">Created file '&lt;a href="file://D:\hello.txt"&gt;D:\hello.txt&lt;/a&gt;'.</msg>
<status status="PASS" starttime="20220504 17:12:18.841" endtime="20220504 17:12:18.842"/>
</kw>
<kw name="List Files In Directory" library="OperatingSystem">
<var>${files}</var>
<arg>path=D:\c-pro</arg>
<doc>Wrapper for `List Directory` that returns only files.</doc>
<msg timestamp="20220504 17:12:18.843" level="INFO" html="true">Listing contents of directory '&lt;a href="file://D:\c-pro"&gt;D:\c-pro&lt;/a&gt;'.</msg>
<msg timestamp="20220504 17:12:18.844" level="INFO">0 files:
</msg>
<msg timestamp="20220504 17:12:18.844" level="INFO">${files} = []</msg>
<status status="PASS" starttime="20220504 17:12:18.843" endtime="20220504 17:12:18.844"/>
</kw>
<kw name="Log To Console" library="BuiltIn">
<arg>${files}</arg>
<doc>Logs the given message to the console.</doc>
<status status="PASS" starttime="20220504 17:12:18.844" endtime="20220504 17:12:18.845"/>
</kw>
<status status="PASS" starttime="20220504 17:12:18.840" endtime="20220504 17:12:18.846"/>
</test>
<status status="PASS" starttime="20220504 17:12:18.775" endtime="20220504 17:12:18.848"/>
</suite>
<statistics>
<total>
<stat pass="1" fail="0" skip="0">All Tests</stat>
</total>
<tag>
</tag>
<suite>
<stat pass="1" fail="0" skip="0" id="s1" name="Demo2 Suite">Demo2 Suite</stat>
</suite>
</statistics>
<errors>
</errors>
</robot>
